/users ::1
/users/ ::1
/users/ ::1
/users/ ::1
/users ::1
/ ::1
/article/all ::1
/article/all ::1
/article/all ::1
/article/all ::1
/article/all ::1
/article/all ::1
/article/all ::1
/article/all ::1
/article/all ::1
/article/all ::1
/article/all ::1
/article/all ::1
/article/all ::1
/article/all ::1
/article/all ::1
/article/all ::1
/article/all ::1
/article/all ::1
/article/all ::1
/article/all ::1
/article/all ::1
/article/all ::1
/article/all ::1
/article/all ::1
/article/all ::1
/article/all ::1
/article/all ::1
/article/all ::1
/article/all ::1
/article/all ::1
/article/all ::1
/article/all ::1
/article/all ::1
/article/all ::1
/article/all ::1
/article/all ::1
/article/all ::1
/article/all ::1
/article/all ::1
/article/all ::1
/AboutUs ::1
/login ::1
/login ::1
/login ::1
/login ::1
/login ::1
/article/all ::1
